c:\gp_project\solution1\example\x64\release\vc143.pdb
c:\gp_project\solution1\example\x64\release\stage.obj
c:\gp_project\solution1\example\x64\release\pet.obj
c:\gp_project\solution1\example\x64\release\map4.obj
c:\gp_project\solution1\example\x64\release\map3.obj
c:\gp_project\solution1\example\x64\release\map2.obj
c:\gp_project\solution1\example\x64\release\map1.obj
c:\gp_project\solution1\example\x64\release\main.obj
c:\gp_project\solution1\example\x64\release\liquidwall.obj
c:\gp_project\solution1\example\x64\release\gameover.obj
c:\gp_project\solution1\example\x64\release\gamemanual.obj
c:\gp_project\solution1\example\x64\release\gameintro.obj
c:\gp_project\solution1\example\x64\release\gamefinish.obj
c:\gp_project\solution1\example\x64\release\gameesc.obj
c:\gp_project\solution1\example\x64\release\gameending.obj
c:\gp_project\solution1\example\x64\release\gameclear.obj
c:\gp_project\solution1\example\x64\release\game.obj
c:\gp_project\solution1\example\x64\release\dog.obj
c:\gp_project\solution1\example\x64\release\climbwall.obj
c:\gp_project\solution1\example\x64\release\cat.obj
c:\gp_project\solution1\example\x64\release\button.obj
c:\gp_project\solution1\example\x64\release\terrain.obj
c:\gp_project\solution1\example\x64\release\fadefloor.obj
c:\gp_project\solution1\x64\release\example.exe
c:\gp_project\solution1\example\x64\release\example.ipdb
c:\gp_project\solution1\x64\release\example.pdb
c:\gp_project\solution1\example\x64\release\example.iobj
c:\gp_project\solution1\example\x64\release\example.tlog\cl.command.1.tlog
c:\gp_project\solution1\example\x64\release\example.tlog\cl.items.tlog
c:\gp_project\solution1\example\x64\release\example.tlog\cl.read.1.tlog
c:\gp_project\solution1\example\x64\release\example.tlog\cl.write.1.tlog
c:\gp_project\solution1\example\x64\release\example.tlog\link.command.1.tlog
c:\gp_project\solution1\example\x64\release\example.tlog\link.read.1.tlog
c:\gp_project\solution1\example\x64\release\example.tlog\link.write.1.tlog
